\BOOKMARK [0][-]{chapter.1}{\376\377\127\372\170\100}{}% 1
\BOOKMARK [1][-]{section.1.1}{\376\377\174\173\127\213\210\305\143\142}{chapter.1}% 2
\BOOKMARK [1][-]{section.1.2}{\376\377\174\173}{chapter.1}% 3
\BOOKMARK [1][-]{section.1.3}{\376\377\176\347\142\177}{chapter.1}% 4
\BOOKMARK [1][-]{section.1.4}{\376\377\131\032\140\001}{chapter.1}% 5
\BOOKMARK [1][-]{section.1.5}{\376\377\230\204\131\004\164\006}{chapter.1}% 6
\BOOKMARK [1][-]{section.1.6}{\376\377\000C\000\043\000\040\134\136\140\047\000\050\000P\000r\000o\000p\000e\000r\000t\000y\000\051}{chapter.1}% 7
\BOOKMARK [1][-]{section.1.7}{\376\377\154\333\127\213}{chapter.1}% 8
\BOOKMARK [1][-]{section.1.8}{\376\377\123\315\134\004}{chapter.1}% 9
\BOOKMARK [0][-]{chapter.2}{\376\377\232\330\176\247}{}% 10
\BOOKMARK [1][-]{section.2.1}{\376\377\143\245\123\343}{chapter.2}% 11
\BOOKMARK [1][-]{section.2.2}{\376\377\147\232\116\076}{chapter.2}% 12
\BOOKMARK [1][-]{section.2.3}{\376\377\153\143\122\031\210\150\217\276\137\017}{chapter.2}% 13
\BOOKMARK [1][-]{section.2.4}{\376\377\145\207\116\366\144\315\117\134}{chapter.2}% 14
\BOOKMARK [1][-]{section.2.5}{\376\377\134\136\140\047}{chapter.2}% 15
\BOOKMARK [1][-]{section.2.6}{\376\377\226\306\124\010}{chapter.2}% 16
\BOOKMARK [1][-]{section.2.7}{\376\377\131\324\142\130}{chapter.2}% 17
\BOOKMARK [1][-]{section.2.8}{\376\377\116\213\116\366}{chapter.2}% 18
\BOOKMARK [2][-]{subsection.2.8.1}{\376\377\201\352\133\232\116\111\116\213\116\366}{section.2.8}% 19
\BOOKMARK [2][-]{subsection.2.8.2}{\376\377\143\247\116\366\116\213\116\366}{section.2.8}% 20
