\BOOKMARK [0][-]{chapter.1}{\376\377\200\314\146\157\167\345\213\306}{}% 1
\BOOKMARK [1][-]{section.1.1}{\376\377\176\352\213\272}{chapter.1}% 2
\BOOKMARK [2][-]{subsection.1.1.1}{\376\377\136\224\165\050\116\016\141\017\116\111}{section.1.1}% 3
\BOOKMARK [2][-]{subsection.1.1.2}{\376\377\170\024\172\166\121\205\133\271}{section.1.1}% 4
\BOOKMARK [1][-]{section.1.2}{\376\377\155\211\123\312\151\202\137\365}{chapter.1}% 5
\BOOKMARK [1][-]{section.1.3}{\376\377\123\206\123\362}{chapter.1}% 6
\BOOKMARK [1][-]{section.1.4}{\376\377\147\102\137\327\116\016\117\032\213\256}{chapter.1}% 7
\BOOKMARK [1][-]{section.1.5}{\376\377\167\037\133\236\141\037\176\330\122\066\123\312\221\315\211\201\151\202\137\365}{chapter.1}% 8
\BOOKMARK [0][-]{chapter.2}{\376\377\156\062\147\323\173\241\176\277}{}% 9
\BOOKMARK [1][-]{section.2.1}{\376\377\136\224\165\050\226\066\153\265\000\040\000-\000\040\000T\000h\000e\000\040\000A\000p\000p\000l\000i\000c\000a\000t\000i\000o\000n\000\040\000S\000t\000a\000g\000e}{chapter.2}% 10
\BOOKMARK [1][-]{section.2.2}{\376\377\121\340\117\125\226\066\153\265\000\040\000-\000\040\000T\000h\000e\000\040\000G\000e\000o\000m\000e\000t\000r\000y\000\040\000S\000t\000a\000g\000e}{chapter.2}% 11
\BOOKMARK [2][-]{subsection.2.2.1}{\376\377\152\041\127\213\211\306\126\376\123\330\143\142\226\066\153\265\000\040\000-\000\040\000M\000o\000d\000e\000l\000\040\000a\000n\000d\000\040\000V\000i\000e\000w\000\040\000T\000r\000a\000n\000s\000f\000o\000r\000m}{section.2.2}% 12
\BOOKMARK [2][-]{subsection.2.2.2}{\376\377\230\166\160\271\167\100\202\162\226\066\153\265\000\040\000-\000\040\000V\000e\000r\000t\000e\000x\000\040\000S\000h\000a\000d\000i\000n\000g}{section.2.2}% 13
\BOOKMARK [2][-]{subsection.2.2.3}{\376\377\142\225\137\161\226\066\153\265\000\040\000-\000\040\000P\000r\000o\000j\000e\000c\000t\000i\000o\000n}{section.2.2}% 14
\BOOKMARK [2][-]{subsection.2.2.4}{\376\377\210\301\122\152\226\066\153\265\000\040\000-\000\040\000C\000l\000i\000p\000p\000i\000n\000g}{section.2.2}% 15
\BOOKMARK [2][-]{subsection.2.2.5}{\376\377\134\117\136\125\146\040\134\004\226\066\153\265\000\040\000-\000\040\000S\000c\000r\000e\000e\000n\000\040\000M\000a\000p\000p\000i\000n\000g}{section.2.2}% 16
\BOOKMARK [1][-]{section.2.3}{\376\377\121\111\150\005\123\026\226\066\153\265\000\040\000-\000\040\000T\000h\000e\000\040\000R\000a\000s\000t\000e\000r\000i\000z\000e\000r\000\040\000S\000t\000a\000g\000e}{chapter.2}% 17
\BOOKMARK [2][-]{subsection.2.3.1}{\376\377\116\011\211\322\137\142\213\276\133\232\226\066\153\265\000\040\000-\000\040\000T\000r\000i\000a\000n\000g\000l\000e\000\040\000S\000e\000t\000u\000p}{section.2.3}% 18
\BOOKMARK [2][-]{subsection.2.3.2}{\376\377\116\011\211\322\137\142\220\115\123\206\226\066\153\265\000\040\000-\000\040\000T\000r\000i\000a\000n\000g\000l\000e\000\040\000T\000r\000a\000v\000e\000r\000s\000a\000l}{section.2.3}% 19
\BOOKMARK [2][-]{subsection.2.3.3}{\376\377\120\317\175\040\167\100\202\162\226\066\153\265\000\040\000-\000\040\000P\000i\000x\000e\000l\000\040\000S\000h\000a\000d\000i\000n\000g}{section.2.3}% 20
\BOOKMARK [2][-]{subsection.2.3.4}{\376\377\207\215\124\010\000\040\000-\000\040\000M\000e\000r\000g\000i\000n\000g}{section.2.3}% 21
\BOOKMARK [1][-]{section.2.4}{\376\377\123\357\177\026\172\013\220\350\122\006\157\024\171\072}{chapter.2}% 22
\BOOKMARK [1][-]{section.2.5}{\376\377\116\011\131\047\155\113\213\325}{chapter.2}% 23
\BOOKMARK [1][-]{section.2.6}{\376\377\155\367\124\010}{chapter.2}% 24
\BOOKMARK [1][-]{section.2.7}{\376\377\200\314\227\142\122\124\226\144}{chapter.2}% 25
\BOOKMARK [1][-]{section.2.8}{\376\377\156\062\147\323\226\037\122\027}{chapter.2}% 26
\BOOKMARK [0][-]{chapter.3}{\376\377\123\330\143\142}{}% 27
\BOOKMARK [0][-]{chapter.4}{\376\377\211\306\211\311\131\026\211\302}{}% 28
\BOOKMARK [1][-]{section.4.1}{\376\377\121\111\161\147\116\016\147\120\215\050}{chapter.4}% 29
\BOOKMARK [2][-]{subsection.4.1.1}{\376\377\121\111\161\147\163\260\214\141\000-\145\143\134\004\116\016\124\070\145\066}{section.4.1}% 30
\BOOKMARK [2][-]{subsection.4.1.2}{\376\377\210\150\227\142\174\227\174\331\136\246}{section.4.1}% 31
\BOOKMARK [1][-]{section.4.2}{\376\377\167\100\202\162\123\237\164\006}{chapter.4}% 32
\BOOKMARK [2][-]{subsection.4.2.1}{\376\377\167\100\202\162\116\016\167\100\202\162\145\271\172\013}{section.4.2}% 33
\BOOKMARK [2][-]{subsection.4.2.2}{\376\377\116\011\171\315\167\100\202\162\131\004\164\006\145\271\154\325}{section.4.2}% 34
\BOOKMARK [1][-]{section.4.3}{\376\377\142\227\225\057\237\177\116\016\136\070\211\301\142\227\225\057\237\177\174\173\127\213}{chapter.4}% 35
\BOOKMARK [2][-]{subsection.4.3.1}{\376\377\215\205\176\247\221\307\150\067\142\227\225\057\237\177\377\010\000S\000S\000A\000A\377\011}{section.4.3}% 36
\BOOKMARK [2][-]{subsection.4.3.2}{\376\377\131\032\221\315\221\307\150\067\142\227\225\057\237\177\377\010\000M\000S\000A\000A\377\011}{section.4.3}% 37
\BOOKMARK [2][-]{subsection.4.3.3}{\376\377\211\206\166\326\221\307\150\067\142\227\225\057\237\177\377\010\000C\000S\000A\000A\377\011}{section.4.3}% 38
\BOOKMARK [2][-]{subsection.4.3.4}{\376\377\232\330\122\006\217\250\163\207\142\227\225\057\237\177\377\010\000H\000R\000A\000A\377\011}{section.4.3}% 39
\BOOKMARK [2][-]{subsection.4.3.5}{\376\377\123\357\177\026\172\013\217\307\156\344\142\227\225\057\237\177\377\010\000C\000F\000A\000A\377\011}{section.4.3}% 40
\BOOKMARK [2][-]{subsection.4.3.6}{\376\377\137\142\140\001\142\227\225\057\237\177\377\010\000M\000L\000A\000A\377\011}{section.4.3}% 41
\BOOKMARK [2][-]{subsection.4.3.7}{\376\377\137\353\220\037\217\321\117\074\142\227\225\057\237\177\377\010\000F\000X\000A\000A\377\011}{section.4.3}% 42
\BOOKMARK [2][-]{subsection.4.3.8}{\376\377\145\366\225\364\140\047\142\227\225\057\237\177\377\010\000T\000X\000A\000A\377\011}{section.4.3}% 43
\BOOKMARK [2][-]{subsection.4.3.9}{\376\377\131\032\136\047\221\307\150\067\142\227\225\057\237\177\377\010\000M\000F\000A\000A\377\011}{section.4.3}% 44
\BOOKMARK [1][-]{section.4.4}{\376\377\220\017\146\016\156\062\147\323\116\016\220\017\146\016\143\222\136\217}{chapter.4}% 45
\BOOKMARK [2][-]{subsection.4.4.1}{\376\377\220\017\146\016\156\062\147\323}{section.4.4}% 46
\BOOKMARK [2][-]{subsection.4.4.2}{\376\377\220\017\146\016\143\222\136\217}{section.4.4}% 47
\BOOKMARK [1][-]{section.4.5}{\376\377\117\075\232\154\167\353\153\143}{chapter.4}% 48
\BOOKMARK [1][-]{section.4.6}{\376\377\123\302\200\003\145\207\163\056}{chapter.4}% 49
\BOOKMARK [0][-]{chapter.5}{\376\377\176\271\164\006\215\064\126\376}{}% 50
\BOOKMARK [1][-]{section.5.1}{\376\377\176\271\164\006\173\241\176\277}{chapter.5}% 51
\BOOKMARK [1][-]{section.5.2}{\376\377\142\225\137\161\121\375\145\160}{chapter.5}% 52
\BOOKMARK [1][-]{section.5.3}{\376\377\146\040\134\004\121\375\145\160}{chapter.5}% 53
\BOOKMARK [1][-]{section.5.4}{\376\377\117\123\176\271\164\006}{chapter.5}% 54
\BOOKMARK [1][-]{section.5.5}{\376\377\172\313\145\271\117\123\215\064\126\376}{chapter.5}% 55
\BOOKMARK [1][-]{section.5.6}{\376\377\176\271\164\006\177\023\133\130}{chapter.5}% 56
\BOOKMARK [1][-]{section.5.7}{\376\377\176\271\164\006\123\213\177\051}{chapter.5}% 57
\BOOKMARK [1][-]{section.5.8}{\376\377\172\013\136\217\215\064\126\376\176\271\164\006}{chapter.5}% 58
\BOOKMARK [1][-]{section.5.9}{\376\377\121\371\121\370\215\064\126\376}{chapter.5}% 59
\BOOKMARK [2][-]{subsection.5.9.1}{\376\377\171\373\117\115\215\064\126\376}{section.5.9}% 60
\BOOKMARK [2][-]{subsection.5.9.2}{\376\377\154\325\176\277\215\064\126\376}{section.5.9}% 61
\BOOKMARK [2][-]{subsection.5.9.3}{\376\377\211\306\135\356\215\064\126\376}{section.5.9}% 62
\BOOKMARK [2][-]{subsection.5.9.4}{\376\377\155\156\226\325\215\064\126\376}{section.5.9}% 63
\BOOKMARK [1][-]{section.5.10}{\376\377\123\302\200\003}{chapter.5}% 64
\BOOKMARK [0][-]{chapter.6}{\376\377\121\111\161\147}{}% 65
\BOOKMARK [0][-]{chapter.7}{\376\377\127\372\116\216\126\376\120\317\166\204\145\110\147\234}{}% 66
\BOOKMARK [0][-]{chapter.8}{\376\377\145\160\133\146\127\372\170\100}{}% 67
\BOOKMARK [1][-]{section.8.1}{\376\377\124\021\221\317}{chapter.8}% 68
\BOOKMARK [1][-]{section.8.2}{\376\377\167\351\226\065}{chapter.8}% 69
\BOOKMARK [1][-]{section.8.3}{\376\377\000G\000L\000M\136\223}{chapter.8}% 70
