\BOOKMARK [0][-]{chapter.1}{\376\377\167\100\202\162\126\150}{}% 1
\BOOKMARK [0][-]{chapter.2}{\376\377\127\372\170\100\151\202\137\365}{}% 2
\BOOKMARK [1][-]{section.2.1}{\376\377\000D\000r\000a\000w\000\040\000C\000a\000l\000l}{chapter.2}% 3
\BOOKMARK [1][-]{section.2.2}{\376\377\000S\000h\000a\000d\000e\000r}{chapter.2}% 4
\BOOKMARK [1][-]{section.2.3}{\376\377\000S\000h\000a\000d\000e\000r\000\040\162\110\147\054}{chapter.2}% 5
\BOOKMARK [1][-]{section.2.4}{\376\377\176\323\147\204}{chapter.2}% 6
\BOOKMARK [1][-]{section.2.5}{\376\377\000S\000h\000a\000d\000e\000r\0002\000.\0000}{chapter.2}% 7
\BOOKMARK [1][-]{section.2.6}{\376\377\147\120\215\050\060\001\215\064\126\376\060\001\176\271\164\006}{chapter.2}% 8
\BOOKMARK [1][-]{section.2.7}{\376\377\121\111\161\147\152\041\127\213}{chapter.2}% 9
\BOOKMARK [2][-]{subsection.2.7.1}{\376\377\000P\000h\000o\000n\000e\000\040\121\111\161\147\152\041\127\213}{section.2.7}% 10
\BOOKMARK [1][-]{section.2.8}{\376\377\123\302\200\003}{chapter.2}% 11
\BOOKMARK [0][-]{chapter.3}{\376\377\155\101\154\064\176\277}{}% 12
\BOOKMARK [1][-]{section.3.1}{\376\377\156\062\147\323\155\101\154\064\176\277}{chapter.3}% 13
\BOOKMARK [1][-]{section.3.2}{\376\377\000O\000p\000e\000n\000G\000L\000\040\156\062\147\323\155\101\172\013}{chapter.3}% 14
\BOOKMARK [1][-]{section.3.3}{\376\377\156\062\147\323\226\037\122\027}{chapter.3}% 15
\BOOKMARK [0][-]{chapter.4}{\376\377\000C\000P\000U\116\016\000G\000P\000U}{}% 16
\BOOKMARK [0][-]{chapter.5}{\376\377\000S\000h\000a\000d\000e\000r\000\040\167\100\202\162\126\150}{}% 17
\BOOKMARK [1][-]{section.5.1}{\376\377\127\372\170\100\151\202\137\365}{chapter.5}% 18
\BOOKMARK [1][-]{section.5.2}{\376\377\230\166\160\271\167\100\202\162\126\150}{chapter.5}% 19
\BOOKMARK [1][-]{section.5.3}{\376\377\162\107\153\265\167\100\202\162\126\150\000-\0001\000.\0000\000\040\124\004\146\076\123\141\127\107\123\357}{chapter.5}% 20
\BOOKMARK [1][-]{section.5.4}{\376\377\162\107\153\265\167\100\202\162\126\150\000-\0002\000.\0000\000\040}{chapter.5}% 21
\BOOKMARK [1][-]{section.5.5}{\376\377\122\250\140\001\176\271\164\006}{chapter.5}% 22
\BOOKMARK [1][-]{section.5.6}{\376\377\116\011\131\047\155\113\213\325}{chapter.5}% 23
\BOOKMARK [2][-]{subsection.5.6.1}{\376\377\220\017\146\016\155\113\213\325}{section.5.6}% 24
\BOOKMARK [2][-]{subsection.5.6.2}{\376\377\152\041\147\177\155\113\213\325}{section.5.6}% 25
\BOOKMARK [2][-]{subsection.5.6.3}{\376\377\155\361\136\246\155\113\213\325}{section.5.6}% 26
\BOOKMARK [1][-]{section.5.7}{\376\377\155\367\124\010\000-\000B\000l\000e\000n\000d}{chapter.5}% 27
\BOOKMARK [1][-]{section.5.8}{\376\377\200\314\227\142\122\124\226\144}{chapter.5}% 28
\BOOKMARK [1][-]{section.5.9}{\376\377\136\047\177\023\121\262\133\371\214\141}{chapter.5}% 29
\BOOKMARK [1][-]{section.5.10}{\376\377\156\062\147\323\226\037\122\027\000-\000R\000e\000n\000d\000e\000r\000Q\000u\000e\000u\000e}{chapter.5}% 30
\BOOKMARK [0][-]{chapter.6}{\376\377\121\111\161\147}{}% 31
\BOOKMARK [0][-]{chapter.7}{\376\377\176\271\164\006}{}% 32
\BOOKMARK [0][-]{chapter.8}{\376\377\155\361\136\246\060\001\154\325\176\277\000\040\176\271\164\006}{}% 33
\BOOKMARK [0][-]{chapter.9}{\376\377\220\017\146\016\145\110\147\234}{}% 34
\BOOKMARK [0][-]{chapter.10}{\376\377\122\250\140\001\145\110\147\234}{}% 35
\BOOKMARK [0][-]{chapter.11}{\376\377\134\117\136\125\124\016\131\004\164\006}{}% 36
\BOOKMARK [0][-]{chapter.12}{\376\377\126\152\130\360\131\004\164\006}{}% 37
\BOOKMARK [0][-]{chapter.13}{\376\377\156\062\147\323\117\030\123\026}{}% 38
\BOOKMARK [0][-]{chapter.14}{\376\377\000G\000P\000U\000\040\166\370\121\163}{}% 39
\BOOKMARK [1][-]{section.14.1}{\376\377\147\000\136\225\134\102\040\024\040\024\000G\000P\000U\000/\170\154\116\366\123\237\164\006}{chapter.14}% 40
\BOOKMARK [2][-]{subsection.14.1.1}{\376\377\170\154\116\366\127\372\170\100}{section.14.1}% 41
\BOOKMARK [2][-]{subsection.14.1.2}{\376\377\000C\000P\000U\000\040\000w\000i\000t\000h\000\040\000G\000P\000U\000\040\137\002\124\014}{section.14.1}% 42
\BOOKMARK [2][-]{subsection.14.1.3}{\376\377\000G\000P\000U\000\040\147\266\147\204}{section.14.1}% 43
\BOOKMARK [1][-]{section.14.2}{\376\377\146\364\232\330\134\102\000-\170\154\116\366\155\101\172\013}{chapter.14}% 44
\BOOKMARK [2][-]{subsection.14.2.1}{\376\377\145\160\143\156\133\130\120\250\217\154\143\142}{section.14.2}% 45
\BOOKMARK [2][-]{subsection.14.2.2}{\376\377\217\333\121\145\156\062\147\323\230\204\131\007\162\266\140\001}{section.14.2}% 46
\BOOKMARK [1][-]{section.14.3}{\376\377\217\157\116\366}{chapter.14}% 47
\BOOKMARK [0][-]{chapter.15}{\376\377\127\372\116\216\162\151\164\006\166\204\156\062\147\323}{}% 48
\BOOKMARK [0][-]{chapter.16}{\376\377\145\160\133\146\164\006\213\272}{}% 49
