\BOOKMARK [0][-]{chapter.1}{\376\377\000G\000a\000m\000e\000P\000l\000a\000y}{}% 1
\BOOKMARK [1][-]{section.1.1}{\376\377\127\372\170\100\116\026\165\114\211\302}{chapter.1}% 2
\BOOKMARK [1][-]{section.1.2}{\376\377\127\372\170\100\121\103\175\040\116\016\176\304\116\366}{chapter.1}% 3
\BOOKMARK [2][-]{subsection.1.2.1}{\376\377\000U\000O\000b\000j\000e\000c\000t}{section.1.2}% 4
\BOOKMARK [2][-]{subsection.1.2.2}{\376\377\000A\000c\000t\000o\000r}{section.1.2}% 5
\BOOKMARK [2][-]{subsection.1.2.3}{\376\377\000P\000a\000w\000n}{section.1.2}% 6
\BOOKMARK [2][-]{subsection.1.2.4}{\376\377\000C\000o\000n\000t\000r\000o\000l\000l\000e\000r}{section.1.2}% 7
\BOOKMARK [2][-]{subsection.1.2.5}{\376\377\000C\000h\000a\000r\000a\000c\000t\000e\000r}{section.1.2}% 8
\BOOKMARK [1][-]{section.1.3}{\376\377\143\247\122\066}{chapter.1}% 9
\BOOKMARK [1][-]{section.1.4}{\376\377\217\355\116\343}{chapter.1}% 10
\BOOKMARK [1][-]{section.1.5}{\376\377\124\175\124\015\211\304\122\031}{chapter.1}% 11
\BOOKMARK [1][-]{section.1.6}{\376\377\133\371\214\141}{chapter.1}% 12
\BOOKMARK [2][-]{subsection.1.6.1}{\376\377\165\037\142\020}{section.1.6}% 13
\BOOKMARK [2][-]{subsection.1.6.2}{\376\377\203\267\123\326}{section.1.6}% 14
\BOOKMARK [2][-]{subsection.1.6.3}{\376\377\225\000\153\301}{section.1.6}% 15
\BOOKMARK [1][-]{section.1.7}{\376\377\000s\000u\000b\000s\000y\000s\000t\000e\000m}{chapter.1}% 16
\BOOKMARK [2][-]{subsection.1.7.1}{\376\377\151\202\217\360}{section.1.7}% 17
\BOOKMARK [2][-]{subsection.1.7.2}{\376\377\174\173\121\163\174\373}{section.1.7}% 18
\BOOKMARK [2][-]{subsection.1.7.3}{\376\377\165\037\124\175\124\150\147\037}{section.1.7}% 19
\BOOKMARK [2][-]{subsection.1.7.4}{\376\377\122\033\136\372\171\072\117\213\000C\000+\000+}{section.1.7}% 20
\BOOKMARK [0][-]{chapter.2}{\376\377\204\335\126\376}{}% 21
\BOOKMARK [1][-]{section.2.1}{\376\377\127\372\147\054\151\202\137\365}{chapter.2}% 22
\BOOKMARK [2][-]{subsection.2.1.1}{\376\377\122\006\174\173}{section.2.1}% 23
\BOOKMARK [2][-]{subsection.2.1.2}{\376\377\204\335\126\376\143\245\123\343}{section.2.1}% 24
\BOOKMARK [2][-]{subsection.2.1.3}{\376\377\204\335\126\376\133\217\136\223}{section.2.1}% 25
\BOOKMARK [2][-]{subsection.2.1.4}{\376\377\204\335\126\376\135\345\121\167}{section.2.1}% 26
\BOOKMARK [2][-]{subsection.2.1.5}{\376\377\150\070\137\303\176\304\116\366}{section.2.1}% 27
\BOOKMARK [1][-]{section.2.2}{\376\377\117\177\165\050\211\304\122\031}{chapter.2}% 28
\BOOKMARK [1][-]{section.2.3}{\376\377\214\003\165\050\000C\000+\000+}{chapter.2}% 29
\BOOKMARK [0][-]{chapter.3}{\376\377\116\213\116\366}{}% 30
\BOOKMARK [0][-]{chapter.4}{\376\377\131\324\142\130}{}% 31
\BOOKMARK [1][-]{section.4.1}{\376\377\151\202\217\360}{chapter.4}% 32
\BOOKMARK [1][-]{section.4.2}{\376\377\117\177\165\050}{chapter.4}% 33
\BOOKMARK [2][-]{subsection.4.2.1}{\376\377\123\125\116\052\155\210\140\157\166\321\124\054}{section.4.2}% 34
\BOOKMARK [2][-]{subsection.4.2.2}{\376\377\131\032\155\210\140\157\166\321\124\054}{section.4.2}% 35
\BOOKMARK [1][-]{section.4.3}{\376\377\123\237\164\006}{chapter.4}% 36
\BOOKMARK [0][-]{chapter.5}{\376\377\137\025\144\316\174\373\176\337}{}% 37
\BOOKMARK [1][-]{section.5.1}{\376\377\153\143\122\031}{chapter.5}% 38
\BOOKMARK [1][-]{section.5.2}{\376\377\000F\000P\000a\000t\000h\000s}{chapter.5}% 39
\BOOKMARK [1][-]{section.5.3}{\376\377\000X\000M\000L\060\001\000J\000s\000o\000n}{chapter.5}% 40
\BOOKMARK [1][-]{section.5.4}{\376\377\000G\000C\000o\000n\000f\000i\000g}{chapter.5}% 41
\BOOKMARK [1][-]{section.5.5}{\376\377\000F\000i\000l\000e}{chapter.5}% 42
\BOOKMARK [1][-]{section.5.6}{\376\377\000U\000E\000\137\000L\000O\000G}{chapter.5}% 43
\BOOKMARK [2][-]{subsection.5.6.1}{\376\377\147\345\167\013\000l\000o\000g}{section.5.6}% 44
\BOOKMARK [2][-]{subsection.5.6.2}{\376\377\000l\000o\000g\000\040\174\173\127\213}{section.5.6}% 45
\BOOKMARK [2][-]{subsection.5.6.3}{\376\377\142\123\123\160\000l\000o\000g}{section.5.6}% 46
\BOOKMARK [1][-]{section.5.7}{\376\377\000s\000t\000r\000i\000n\000g}{chapter.5}% 47
\BOOKMARK [2][-]{subsection.5.7.1}{\376\377\000F\000N\000a\000m\000e}{section.5.7}% 48
\BOOKMARK [2][-]{subsection.5.7.2}{\376\377\000F\000T\000e\000x\000t}{section.5.7}% 49
\BOOKMARK [2][-]{subsection.5.7.3}{\376\377\000F\000S\000t\000r\000i\000n\000g}{section.5.7}% 50
\BOOKMARK [1][-]{section.5.8}{\376\377\000I\000m\000a\000g\000e\000s}{chapter.5}% 51
\BOOKMARK [1][-]{section.5.9}{\376\377\177\026\213\321\126\150\166\370\121\163}{chapter.5}% 52
\BOOKMARK [0][-]{chapter.6}{\376\377\000A\000I\000-\210\114\116\072\150\021}{}% 53
\BOOKMARK [1][-]{section.6.1}{\376\377\210\114\116\072\000-\127\372\170\100\121\103\175\040}{chapter.6}% 54
\BOOKMARK [2][-]{subsection.6.1.1}{\376\377\155\101\172\013\143\247\122\066}{section.6.1}% 55
\BOOKMARK [2][-]{subsection.6.1.2}{\376\377\210\305\231\160\126\150}{section.6.1}% 56
\BOOKMARK [2][-]{subsection.6.1.3}{\376\377\142\147\210\114\202\202\160\271}{section.6.1}% 57
\BOOKMARK [1][-]{section.6.2}{\376\377\210\114\116\072\000-\176\306\202\202}{chapter.6}% 58
\BOOKMARK [2][-]{subsection.6.2.1}{\376\377\000S\000e\000l\000e\000c\000t\000o\000r}{section.6.2}% 59
\BOOKMARK [2][-]{subsection.6.2.2}{\376\377\000S\000e\000q\000u\000e\000n\000c\000e}{section.6.2}% 60
\BOOKMARK [2][-]{subsection.6.2.3}{\376\377\000P\000a\000r\000a\000l\000l\000e\000l}{section.6.2}% 61
\BOOKMARK [0][-]{chapter.7}{\376\377\000A\000I\000-\137\072\123\026\133\146\116\140}{}% 62
\BOOKMARK [0][-]{chapter.8}{\376\377\177\026\213\321}{}% 63
\BOOKMARK [1][-]{section.8.1}{\376\377\152\041\127\127\060\001\000U\000n\000r\000e\000a\000l\000B\000u\000i\000l\000d\000T\000o\000o\000l}{chapter.8}% 64
\BOOKMARK [1][-]{section.8.2}{\376\377\177\026\213\321\225\356\230\230}{chapter.8}% 65
\BOOKMARK [0][-]{chapter.9}{\376\377\121\111\161\147}{}% 66
\BOOKMARK [0][-]{chapter.10}{\376\377\133\373\215\357}{}% 67
\BOOKMARK [0][-]{chapter.11}{\376\377\000U\000M\000G}{}% 68
\BOOKMARK [0][-]{chapter.12}{\376\377\162\151\164\006}{}% 69
\BOOKMARK [0][-]{chapter.13}{\376\377\122\250\165\073}{}% 70
\BOOKMARK [1][-]{section.13.1}{\376\377\232\250\232\274\122\250\165\073}{chapter.13}% 71
\BOOKMARK [2][-]{subsection.13.1.1}{\376\377\151\202\217\360}{section.13.1}% 72
\BOOKMARK [2][-]{subsection.13.1.2}{\376\377\232\250\232\274\122\250\165\073\123\237\164\006}{section.13.1}% 73
\BOOKMARK [1][-]{section.13.2}{\376\377\232\250\232\274\122\250\165\073\000U\000E\0004\000\040\127\372\147\054\151\202\137\365}{chapter.13}% 74
\BOOKMARK [2][-]{subsection.13.2.1}{\376\377\151\202\217\360}{section.13.2}% 75
\BOOKMARK [2][-]{subsection.13.2.2}{\376\377\211\322\202\162\122\250\165\073\377\032\232\250\232\274\122\250\165\073\174\373\176\337}{section.13.2}% 76
\BOOKMARK [2][-]{subsection.13.2.3}{\376\377\000I\000K}{section.13.2}% 77
\BOOKMARK [2][-]{subsection.13.2.4}{\376\377\121\166\116\326}{section.13.2}% 78
\BOOKMARK [1][-]{section.13.3}{\376\377\155\101\172\013}{chapter.13}% 79
\BOOKMARK [1][-]{section.13.4}{\376\377\155\361\121\145}{chapter.13}% 80
\BOOKMARK [0][-]{chapter.14}{\376\377\174\222\133\120\174\373\176\337}{}% 81
\BOOKMARK [0][-]{chapter.15}{\376\377\215\104\156\220\173\241\164\006}{}% 82
\BOOKMARK [0][-]{chapter.16}{\376\377\000E\000d\000i\000t\000o\000r\000\040\142\151\134\125}{}% 83
\BOOKMARK [0][-]{chapter.17}{\376\377\215\350\136\163\123\360\123\321\136\003\000a\000p\000k}{}% 84
\BOOKMARK [0][-]{chapter.18}{\376\377\000P\000r\000o\000f\000i\000l\000e}{}% 85
\BOOKMARK [0][-]{chapter.19}{\376\377\000U\000E\0004\000\040\117\030\123\026}{}% 86
\BOOKMARK [0][-]{chapter.20}{\376\377\214\003\213\325\142\200\135\347}{}% 87
