\BOOKMARK [0][-]{chapter.1}{安装配置}{}% 1
\BOOKMARK [1][-]{section.1.1}{各种库文件}{chapter.1}% 2
\BOOKMARK [1][-]{section.1.2}{常见错误}{chapter.1}% 3
\BOOKMARK [2][-]{subsection.1.2.1}{0x70000000C}{section.1.2}% 4
\BOOKMARK [1][-]{section.1.3}{参考文献}{chapter.1}% 5
\BOOKMARK [0][-]{chapter.2}{入门绘图}{}% 6
\BOOKMARK [1][-]{section.2.1}{第一个三角形}{chapter.2}% 7
\BOOKMARK [1][-]{section.2.2}{渲染管线}{chapter.2}% 8
\BOOKMARK [1][-]{section.2.3}{着色器}{chapter.2}% 9
\BOOKMARK [2][-]{subsection.2.3.1}{顶点着色器}{section.2.3}% 10
\BOOKMARK [2][-]{subsection.2.3.2}{片段着色器}{section.2.3}% 11
\BOOKMARK [2][-]{subsection.2.3.3}{程序组成}{section.2.3}% 12
\BOOKMARK [0][-]{chapter.3}{三大变换}{}% 13
\BOOKMARK [1][-]{section.3.1}{平移}{chapter.3}% 14
\BOOKMARK [1][-]{section.3.2}{旋转}{chapter.3}% 15
\BOOKMARK [1][-]{section.3.3}{缩放}{chapter.3}% 16
\BOOKMARK [0][-]{chapter.4}{四大变换}{}% 17
\BOOKMARK [1][-]{section.4.1}{坐标变化全过程演示}{chapter.4}% 18
\BOOKMARK [1][-]{section.4.2}{模型变换\(世界变换\)}{chapter.4}% 19
\BOOKMARK [1][-]{section.4.3}{摄像机变换}{chapter.4}% 20
\BOOKMARK [1][-]{section.4.4}{投影变换}{chapter.4}% 21
\BOOKMARK [1][-]{section.4.5}{视口变换}{chapter.4}% 22
\BOOKMARK [0][-]{chapter.5}{OpenGL基础编程}{}% 23
\BOOKMARK [1][-]{subsection.5.0.1}{基本结构-框架}{chapter.5}% 24
\BOOKMARK [2][-]{subsection.5.0.2}{光照添加}{subsection.5.0.1}% 25
\BOOKMARK [2][-]{subsection.5.0.3}{纹理添加}{subsection.5.0.1}% 26
\BOOKMARK [0][-]{chapter.6}{MFC\040with\040OpenGL}{}% 27
\BOOKMARK [1][-]{section.6.1}{环境配置}{chapter.6}% 28
\BOOKMARK [1][-]{section.6.2}{闪烁解决办法}{chapter.6}% 29
\BOOKMARK [1][-]{section.6.3}{定时器概念与程序}{chapter.6}% 30
\BOOKMARK [1][-]{section.6.4}{坐标确定}{chapter.6}% 31
\BOOKMARK [1][-]{section.6.5}{画椭球}{chapter.6}% 32
\BOOKMARK [0][-]{chapter.7}{OpenGL 读取 OBJ 文件}{}% 33
\BOOKMARK [1][-]{section.7.1}{参考文献}{chapter.7}% 34
\BOOKMARK [0][-]{chapter.8}{OpenGL 实现天空盒子}{}% 35
\BOOKMARK [1][-]{section.8.1}{实现}{chapter.8}% 36
\BOOKMARK [1][-]{section.8.2}{错误记录}{chapter.8}% 37
\BOOKMARK [0][-]{chapter.9}{PCL 安装}{}% 38
\BOOKMARK [1][-]{section.9.1}{错误记录}{chapter.9}% 39
