\BOOKMARK [0][-]{chapter.1}{\376\377\127\372\170\100}{}% 1
\BOOKMARK [1][-]{section.1.1}{\376\377\131\202\117\125\134\006\201\032\147\054\116\016\121\167\117\123\133\371\214\141\176\321\133\232}{chapter.1}% 2
\BOOKMARK [1][-]{section.1.2}{\376\377\136\217\122\027\123\026\000-\000\040\000[\000S\000e\000r\000i\000a\000l\000i\000z\000e\000d\000F\000i\000e\000l\000d\000]}{chapter.1}% 3
\BOOKMARK [1][-]{section.1.3}{\376\377\136\070\165\050\142\200\135\347}{chapter.1}% 4
\BOOKMARK [1][-]{section.1.4}{\376\377\000M\000o\000n\000o\000B\000e\000h\000a\000v\000i\000o\000u\000r\000\040\165\037\124\175\124\150\147\037\060\001\156\062\147\323\173\241\176\277}{chapter.1}% 5
\BOOKMARK [2][-]{subsection.1.4.1}{\376\377\201\032\147\054\156\062\147\323\155\101\172\013}{section.1.4}% 6
\BOOKMARK [2][-]{subsection.1.4.2}{\376\377\150\070\137\303\145\271\154\325}{section.1.4}% 7
\BOOKMARK [1][-]{section.1.5}{\376\377\000U\000n\000i\000t\000y\000\040\131\324\142\130}{chapter.1}% 8
\BOOKMARK [1][-]{section.1.6}{\376\377\000U\000n\000i\000t\000y\000\040\123\117\172\013}{chapter.1}% 9
\BOOKMARK [2][-]{subsection.1.6.1}{\376\377\137\000\124\057\145\271\137\017}{section.1.6}% 10
\BOOKMARK [2][-]{subsection.1.6.2}{\376\377\176\310\153\142\145\271\137\017}{section.1.6}% 11
\BOOKMARK [2][-]{subsection.1.6.3}{\376\377\000y\000i\000e\000l\000d\000\040\145\271\137\017}{section.1.6}% 12
\BOOKMARK [2][-]{subsection.1.6.4}{\376\377\142\147\210\114\123\237\164\006}{section.1.6}% 13
\BOOKMARK [0][-]{chapter.2}{\376\377\116\213\116\366}{}% 14
\BOOKMARK [1][-]{section.2.1}{\376\377\137\305\161\066\116\213\116\366}{chapter.2}% 15
\BOOKMARK [1][-]{section.2.2}{\376\377\170\260\144\236\116\213\116\366}{chapter.2}% 16
\BOOKMARK [1][-]{section.2.3}{\376\377\211\346\123\321\126\150\116\213\116\366}{chapter.2}% 17
\BOOKMARK [0][-]{chapter.3}{\376\377\133\236\117\123\000-\116\272\162\151\060\001\162\151\117\123\060\001\176\304\116\366}{}% 18
\BOOKMARK [1][-]{section.3.1}{\376\377\133\236\117\123\174\173}{chapter.3}% 19
\BOOKMARK [1][-]{section.3.2}{\376\377\000P\000r\000e\000f\000a\000b\000s\000\040\000-\230\204\213\276\117\123}{chapter.3}% 20
\BOOKMARK [2][-]{subsection.3.2.1}{\376\377\230\204\213\276\122\250\140\001\122\240\217\175\122\060\127\072\146\157}{section.3.2}% 21
\BOOKMARK [1][-]{section.3.3}{\376\377\203\267\123\326\133\236\117\123\116\012\166\204\176\304\116\366}{chapter.3}% 22
\BOOKMARK [1][-]{section.3.4}{\376\377\162\151\164\006\117\134\165\050\133\236\117\123\174\173}{chapter.3}% 23
\BOOKMARK [0][-]{chapter.4}{\376\377\116\026\165\114\172\172\225\364\166\370\121\163\0003\000D\127\372\170\100}{}% 24
\BOOKMARK [1][-]{section.4.1}{\376\377\000T\000r\000a\000n\000s\000f\000o\000r\000m\000\040\174\173}{chapter.4}% 25
\BOOKMARK [2][-]{subsection.4.1.1}{\376\377\117\115\177\156}{section.4.1}% 26
\BOOKMARK [2][-]{subsection.4.1.2}{\376\377\145\313\217\154}{section.4.1}% 27
\BOOKMARK [2][-]{subsection.4.1.3}{\376\377\177\051\145\076}{section.4.1}% 28
\BOOKMARK [2][-]{subsection.4.1.4}{\376\377\136\163\171\373}{section.4.1}% 29
\BOOKMARK [2][-]{subsection.4.1.5}{\376\377\000T\000r\000a\000n\000s\000f\000o\000r\000m\000.\000l\000o\000c\000a\000l\000P\000o\000s\000i\000t\000i\000o\000n}{section.4.1}% 30
\BOOKMARK [2][-]{subsection.4.1.6}{\376\377\154\350\141\017}{section.4.1}% 31
\BOOKMARK [1][-]{section.4.2}{\376\377\144\104\120\317\147\072\000\040\000-\000C\000a\000m\000e\000r\000a}{chapter.4}% 32
\BOOKMARK [2][-]{subsection.4.2.1}{\376\377\000C\000l\000e\000a\000r\000\040\000F\000l\000a\000g\000s}{section.4.2}% 33
\BOOKMARK [2][-]{subsection.4.2.2}{\376\377\000C\000u\000l\000l\000i\000n\000g\000\040\000M\000a\000s\000k\000\040\000-\122\124\226\144\220\156\177\151}{section.4.2}% 34
\BOOKMARK [2][-]{subsection.4.2.3}{\376\377\000P\000r\000o\000j\000e\000c\000t\000i\000o\000n\000\040\000-\220\017\211\306\152\041\137\017}{section.4.2}% 35
\BOOKMARK [2][-]{subsection.4.2.4}{\376\377\000C\000l\000i\000p\000p\000i\000n\000g\000\040\000P\000l\000a\000n\000e\000s\000\040\000-\210\301\122\152\152\041\137\017}{section.4.2}% 36
\BOOKMARK [2][-]{subsection.4.2.5}{\376\377\000V\000i\000e\000w\000p\000o\000r\000t\000\040\000R\000e\000c\000t}{section.4.2}% 37
\BOOKMARK [2][-]{subsection.4.2.6}{\376\377\000D\000e\000p\000t\000h\000\040\000-\143\247\122\066\156\062\147\323\230\172\136\217}{section.4.2}% 38
\BOOKMARK [2][-]{subsection.4.2.7}{\376\377\000R\000e\000n\000d\000e\000r\000i\000n\000g\000\040\000P\000a\000t\000h\000\040\000-\156\062\147\323\215\357\137\204}{section.4.2}% 39
\BOOKMARK [2][-]{subsection.4.2.8}{\376\377\000T\000a\000r\000g\000e\000t\000\040\000T\000e\000x\000t\000u\000r\000e\000\040\000-\166\356\150\007\176\271\164\006}{section.4.2}% 40
\BOOKMARK [2][-]{subsection.4.2.9}{\376\377\000H\000D\000R\000\040\000-\232\330\122\250\140\001\121\111\161\147\156\062\147\323}{section.4.2}% 41
\BOOKMARK [1][-]{section.4.3}{\376\377\0003\000D\152\041\127\213}{chapter.4}% 42
\BOOKMARK [2][-]{subsection.4.3.1}{\376\377\000M\000e\000s\000h}{section.4.3}% 43
\BOOKMARK [2][-]{subsection.4.3.2}{\376\377\000T\000e\000x\000t\000u\000r\000e}{section.4.3}% 44
\BOOKMARK [2][-]{subsection.4.3.3}{\376\377\000M\000a\000t\000e\000r\000i\000a\000l}{section.4.3}% 45
\BOOKMARK [2][-]{subsection.4.3.4}{\376\377\232\250\232\274\122\250\165\073}{section.4.3}% 46
\BOOKMARK [0][-]{chapter.5}{\376\377\225\056\166\330\237\040\150\007\143\247\122\066}{}% 47
\BOOKMARK [1][-]{section.5.1}{\376\377\146\156\220\032\143\011\225\056\000\040\000-\000k\000e\000y\000D\000o\000w\000n\000\050\000K\000e\000y\000C\000o\000d\000e\000\040\000x\000x\000\051}{chapter.5}% 48
\BOOKMARK [1][-]{section.5.2}{\376\377\150\071\143\156\217\223\121\145\213\276\131\007\000\040\000-\000g\000e\000t\000A\000x\000i\000s\000\050\000\051}{chapter.5}% 49
\BOOKMARK [0][-]{chapter.6}{\376\377\145\366\225\364}{}% 50
\BOOKMARK [1][-]{section.6.1}{\376\377\000T\000i\000m\000e\000\040\174\173}{chapter.6}% 51
\BOOKMARK [0][-]{chapter.7}{\376\377\145\160\133\146}{}% 52
\BOOKMARK [1][-]{section.7.1}{\376\377\000R\000a\000n\000d\000o\000m\000\040\174\173}{chapter.7}% 53
\BOOKMARK [1][-]{section.7.2}{\376\377\000M\000a\000t\000h\000f\000\040\174\173}{chapter.7}% 54
\BOOKMARK [0][-]{chapter.8}{\376\377\121\111\161\147}{}% 55
\BOOKMARK [1][-]{section.8.1}{\376\377\121\111\161\147}{chapter.8}% 56
\BOOKMARK [1][-]{section.8.2}{\376\377\160\330\127\371}{chapter.8}% 57
\BOOKMARK [0][-]{chapter.9}{\376\377\133\373\215\357}{}% 58
\BOOKMARK [1][-]{section.9.1}{\376\377\173\200\116\313}{chapter.9}% 59
\BOOKMARK [1][-]{section.9.2}{\376\377\155\101\172\013}{chapter.9}% 60
\BOOKMARK [0][-]{chapter.10}{\376\377\000U\000G\000U\000I}{}% 61
\BOOKMARK [1][-]{section.10.1}{\376\377\000S\000p\000i\000r\000i\000t}{chapter.10}% 62
\BOOKMARK [1][-]{section.10.2}{\376\377\000C\000a\000n\000v\000a\000s}{chapter.10}% 63
\BOOKMARK [2][-]{subsection.10.2.1}{\376\377\000S\000c\000r\000e\000e\000n\000\040\000S\000p\000a\000c\000e\000-\000O\000v\000e\000r\000l\000a\000y\000\040\000-\211\206\166\326\152\041\137\017}{section.10.2}% 64
\BOOKMARK [2][-]{subsection.10.2.2}{\376\377\000S\000c\000r\000e\000e\000n\000\040\000S\000p\000a\000c\000e\000-\000C\000a\000m\000e\000r\000a\000\040\000-\144\104\120\317\147\072\152\041\137\017}{section.10.2}% 65
\BOOKMARK [2][-]{subsection.10.2.3}{\376\377\000W\000o\000r\000l\000d\000\040\000S\000p\000a\000c\000e\000\040\000-\116\026\165\114\172\172\225\364\152\041\137\017}{section.10.2}% 66
\BOOKMARK [2][-]{subsection.10.2.4}{\376\377\117\177\165\050\140\073\176\323}{section.10.2}% 67
\BOOKMARK [2][-]{subsection.10.2.5}{\376\377\000C\000a\000n\000v\000a\000s\000\040\000S\000c\000a\000l\000a\000r}{section.10.2}% 68
\BOOKMARK [2][-]{subsection.10.2.6}{\376\377\000L\000a\000y\000e\000r}{section.10.2}% 69
\BOOKMARK [1][-]{section.10.3}{\376\377\000R\000e\000c\000t\000T\000r\000a\000n\000s\000f\000o\000r\000m}{chapter.10}% 70
\BOOKMARK [2][-]{subsection.10.3.1}{\376\377\000P\000i\000v\000o\000t\000\050\116\055\137\303\000\051}{section.10.3}% 71
\BOOKMARK [2][-]{subsection.10.3.2}{\376\377\225\032\160\271\000-\000\040\201\352\220\002\136\224\134\117\136\125}{section.10.3}% 72
\BOOKMARK [2][-]{subsection.10.3.3}{\376\377\000s\000i\000z\000e\000D\000e\000l\000t\000a}{section.10.3}% 73
\BOOKMARK [2][-]{subsection.10.3.4}{\376\377\000R\000e\000c\000t\000T\000r\000a\000n\000s\000f\000o\000r\000m\000.\000r\000e\000c\000t}{section.10.3}% 74
\BOOKMARK [2][-]{subsection.10.3.5}{\376\377\171\072\117\213}{section.10.3}% 75
\BOOKMARK [2][-]{subsection.10.3.6}{\376\377\000F\000r\000a\000m\000D\000e\000b\000u\000g}{section.10.3}% 76
\BOOKMARK [1][-]{section.10.4}{\376\377\143\011\224\256}{chapter.10}% 77
\BOOKMARK [2][-]{subsection.10.4.1}{\376\377\123\237\131\313\000B\000u\000t\000t\000o\000n}{section.10.4}% 78
\BOOKMARK [2][-]{subsection.10.4.2}{\376\377\000I\000m\000a\000g\000e\173\111\000\040\000-\155\373\122\240\000b\000u\000t\000t\000o\000n\000\040\176\304\116\366}{section.10.4}% 79
\BOOKMARK [2][-]{subsection.10.4.3}{\376\377\155\373\122\240\116\213\116\366\131\004\164\006\201\032\147\054}{section.10.4}% 80
\BOOKMARK [1][-]{section.10.5}{\376\377\145\207\147\054\000-\000\040\000T\000e\000x\000t}{chapter.10}% 81
\BOOKMARK [2][-]{subsection.10.5.1}{\376\377\155\373\122\240\145\207\133\127\226\064\137\161\000\040\000-\000s\000h\000a\000d\000o\000w\000\040\176\304\116\366}{section.10.5}% 82
\BOOKMARK [2][-]{subsection.10.5.2}{\376\377\155\373\122\240\145\207\133\120\217\271\150\106\000\040\000-\000o\000u\000t\000l\000i\000n\000e\000\040\176\304\116\366}{section.10.5}% 83
\BOOKMARK [1][-]{section.10.6}{\376\377\126\376\162\107\000-\000\040\000I\000m\000a\000g\000e\000V\000i\000e\000w}{chapter.10}% 84
\BOOKMARK [1][-]{section.10.7}{\376\377\220\011\116\055\150\007\213\260\000-\000\040\000T\000o\000g\000g\000l\000e}{chapter.10}% 85
\BOOKMARK [1][-]{section.10.8}{\376\377\156\332\122\250\123\072\127\337\060\001\156\332\122\250\147\141}{chapter.10}% 86
\BOOKMARK [1][-]{section.10.9}{\376\377\121\166\116\326\135\345\121\167\147\141}{chapter.10}% 87
\BOOKMARK [1][-]{section.10.10}{\376\377\136\003\134\100\000-\000\040\000L\000a\000y\000o\000u\000t}{chapter.10}% 88
\BOOKMARK [2][-]{subsection.10.10.1}{\376\377\000g\000r\000i\000d\000\040\000l\000a\000y\000o\000u\000t\000\040\000g\000r\000o\000u\000p}{section.10.10}% 89
\BOOKMARK [2][-]{subsection.10.10.2}{\376\377\000h\000o\000r\000i\000z\000o\000n\000t\000a\000l\000\040\000l\000a\000y\000o\000u\000t\000\040\000g\000r\000o\000u\000p}{section.10.10}% 90
\BOOKMARK [2][-]{subsection.10.10.3}{\376\377\000v\000e\000r\000t\000i\000c\000a\000l\000\040\000l\000a\000y\000o\000u\000t\000\040\000g\000r\000o\000u\000p}{section.10.10}% 91
\BOOKMARK [0][-]{chapter.11}{\376\377\162\151\164\006}{}% 92
\BOOKMARK [1][-]{section.11.1}{\376\377\155\101\172\013}{chapter.11}% 93
\BOOKMARK [1][-]{section.11.2}{\376\377\122\032\117\123}{chapter.11}% 94
\BOOKMARK [1][-]{section.11.3}{\376\377\170\260\144\236\126\150}{chapter.11}% 95
\BOOKMARK [1][-]{section.11.4}{\376\377\162\151\164\006\147\120\215\050}{chapter.11}% 96
\BOOKMARK [1][-]{section.11.5}{\376\377\211\346\123\321\126\150}{chapter.11}% 97
\BOOKMARK [1][-]{section.11.6}{\376\377\134\004\176\277}{chapter.11}% 98
\BOOKMARK [1][-]{section.11.7}{\376\377\121\163\202\202}{chapter.11}% 99
\BOOKMARK [0][-]{chapter.12}{\376\377\122\250\165\073}{}% 100
\BOOKMARK [1][-]{section.12.1}{\376\377\155\101\172\013}{chapter.12}% 101
\BOOKMARK [0][-]{chapter.13}{\376\377\174\222\133\120\174\373\176\337}{}% 102
\BOOKMARK [0][-]{chapter.14}{\376\377\167\100\202\162\126\150\156\062\147\323}{}% 103
\BOOKMARK [0][-]{chapter.15}{\376\377\215\104\156\220\173\241\164\006\000-\000\040\000A\000s\000s\000e\000t\000B\000u\000n\000d\000l\000e}{}% 104
\BOOKMARK [1][-]{section.15.1}{\376\377\135\345\117\134\155\101\172\013}{chapter.15}% 105
\BOOKMARK [1][-]{section.15.2}{\376\377\122\033\136\372}{chapter.15}% 106
\BOOKMARK [2][-]{subsection.15.2.1}{\376\377\000B\000u\000i\000l\000d\000A\000s\000s\000e\000t\000B\000u\000n\000d\000l\000e}{section.15.2}% 107
\BOOKMARK [2][-]{subsection.15.2.2}{\376\377\000B\000u\000i\000l\000d\000S\000t\000r\000e\000a\000m\000e\000d\000S\000c\000e\000n\000e\000A\000s\000s\000e\000t\000B\000u\000n\000d\000l\000e}{section.15.2}% 108
\BOOKMARK [2][-]{subsection.15.2.3}{\376\377\000B\000u\000i\000l\000d\000A\000s\000s\000e\000t\000B\000u\000n\000d\000l\000e\000E\000x\000p\000l\000i\000c\000i\000t\000A\000s\000s\000e\000t\000N\000a\000m\000e\000s}{section.15.2}% 109
\BOOKMARK [1][-]{section.15.3}{\376\377\117\177\165\050}{chapter.15}% 110
\BOOKMARK [1][-]{section.15.4}{\376\377\123\170\217\175}{chapter.15}% 111
\BOOKMARK [1][-]{section.15.5}{\376\377\121\205\133\130\152\041\127\213}{chapter.15}% 112
\BOOKMARK [1][-]{section.15.6}{\376\377\121\166\116\326}{chapter.15}% 113
\BOOKMARK [0][-]{chapter.16}{\376\377\000E\000d\000i\000t\000o\000r\000\040\142\151\134\125}{}% 114
\BOOKMARK [1][-]{section.16.1}{\376\377\155\101\172\013}{chapter.16}% 115
\BOOKMARK [1][-]{section.16.2}{\376\377\127\050\177\026\217\221\126\150\116\012\130\236\122\240\116\000\116\052\000M\000e\000n\000u\000I\000t\000e\000m}{chapter.16}% 116
\BOOKMARK [1][-]{section.16.3}{\376\377\122\033\136\372\116\000\116\052\133\371\213\335\150\106}{chapter.16}% 117
\BOOKMARK [1][-]{section.16.4}{\376\377\142\151\134\125\000I\000n\000s\000p\000e\000c\000t\000o\000r\227\142\147\177}{chapter.16}% 118
\BOOKMARK [1][-]{section.16.5}{\376\377\177\026\217\221\126\150\143\322\116\366\136\070\165\050\121\375\145\160}{chapter.16}% 119
\BOOKMARK [2][-]{subsection.16.5.1}{\376\377\215\104\156\220\133\374\121\145\126\336\214\003\121\375\145\160}{section.16.5}% 120
\BOOKMARK [1][-]{section.16.6}{\376\377\116\000\116\233\136\070\165\050\166\204\000I\000n\000s\000p\000e\000c\000t\000o\000r\134\136\140\047\213\276\177\156}{chapter.16}% 121
\BOOKMARK [1][-]{section.16.7}{\376\377\123\302\200\003}{chapter.16}% 122
\BOOKMARK [0][-]{chapter.17}{\376\377\215\350\136\163\123\360\123\321\136\003\000a\000p\000k}{}% 123
\BOOKMARK [1][-]{section.17.1}{\376\377\155\101\172\013}{chapter.17}% 124
\BOOKMARK [1][-]{section.17.2}{\376\377\000A\000p\000k\000\040\133\211\210\305\136\070\211\301\225\031\213\357}{chapter.17}% 125
\BOOKMARK [0][-]{chapter.18}{\376\377\214\003\213\325\142\200\135\347}{}% 126
\BOOKMARK [1][-]{section.18.1}{\376\377\116\345\162\066\174\173\116\072\127\372\160\271}{chapter.18}% 127
